<?xml version="1.0" encoding="UTF-8"?>
<!-- Generated by org.testng.reporters.JUnitXMLReporter -->
<testsuite ignored="0" hostname="D101008S1L" failures="0" tests="4" name="Default test" time="44.709" errors="0" timestamp="10 Apr 2022 14:46:24 GMT">
  <testcase classname="com.qa.demoCart.tests.RegistationTestDataProvider" name="doEnterAllinfo" time="8.943"/>
  <testcase classname="com.qa.demoCart.tests.RegistationTestDataProvider" name="doEnterAllinfo" time="8.162"/>
  <testcase classname="com.qa.demoCart.tests.RegistationTestDataProvider" name="doEnterAllinfo" time="8.009"/>
  <testcase classname="com.qa.demoCart.tests.RegistationTestDataProvider" name="verifyRegistattionPageUrl" time="0.018"/>
</testsuite> <!-- Default test -->
