<?xml version="1.0" encoding="UTF-8"?>
<testng-results ignored="0" total="4" passed="4" failed="0" skipped="0">
  <reporter-output>
  </reporter-output>
  <suite started-at="2022-04-11T03:18:08Z" name="SanitySuite" finished-at="2022-04-11T03:19:04Z" duration-ms="56142">
    <groups>
    </groups>
    <test started-at="2022-04-11T03:18:08Z" name="Test3" finished-at="2022-04-11T03:19:04Z" duration-ms="56142">
      <class name="com.qa.demoCart.tests.RegistationTestDataProvider">
        <test-method is-config="true" signature="setUp()[pri:0, instance:com.qa.demoCart.tests.RegistationTestDataProvider@59a79443]" started-at="2022-04-11T03:18:08Z" name="setUp" finished-at="2022-04-11T03:18:30Z" duration-ms="21274" status="PASS">
          <reporter-output>
          </reporter-output>
        </test-method> <!-- setUp -->
        <test-method is-config="true" signature="doSetUpRegister()[pri:0, instance:com.qa.demoCart.tests.RegistationTestDataProvider@59a79443]" started-at="2022-04-11T03:18:30Z" name="doSetUpRegister" finished-at="2022-04-11T03:18:32Z" duration-ms="2867" status="PASS">
          <reporter-output>
          </reporter-output>
        </test-method> <!-- doSetUpRegister -->
        <test-method signature="doEnterAllinfo(java.lang.String, java.lang.String, java.lang.String, java.lang.String, java.lang.String)[pri:0, instance:com.qa.demoCart.tests.RegistationTestDataProvider@59a79443]" started-at="2022-04-11T03:18:36Z" name="doEnterAllinfo" data-provider="getRegisterData" finished-at="2022-04-11T03:18:47Z" duration-ms="10321" status="PASS">
          <params>
            <param index="0">
              <value>
                <![CDATA[PETER]]>
              </value>
            </param>
            <param index="1">
              <value>
                <![CDATA[JOHN]]>
              </value>
            </param>
            <param index="2">
              <value>
                <![CDATA[1234567885]]>
              </value>
            </param>
            <param index="3">
              <value>
                <![CDATA[Test@123]]>
              </value>
            </param>
            <param index="4">
              <value>
                <![CDATA[Yes]]>
              </value>
            </param>
          </params>
          <reporter-output>
          </reporter-output>
        </test-method> <!-- doEnterAllinfo -->
        <test-method signature="doEnterAllinfo(java.lang.String, java.lang.String, java.lang.String, java.lang.String, java.lang.String)[pri:0, instance:com.qa.demoCart.tests.RegistationTestDataProvider@59a79443]" started-at="2022-04-11T03:18:47Z" name="doEnterAllinfo" data-provider="getRegisterData" finished-at="2022-04-11T03:18:55Z" duration-ms="8424" status="PASS">
          <params>
            <param index="0">
              <value>
                <![CDATA[Test]]>
              </value>
            </param>
            <param index="1">
              <value>
                <![CDATA[JOHN12]]>
              </value>
            </param>
            <param index="2">
              <value>
                <![CDATA[1234567345]]>
              </value>
            </param>
            <param index="3">
              <value>
                <![CDATA[Test@123]]>
              </value>
            </param>
            <param index="4">
              <value>
                <![CDATA[No]]>
              </value>
            </param>
          </params>
          <reporter-output>
          </reporter-output>
        </test-method> <!-- doEnterAllinfo -->
        <test-method signature="doEnterAllinfo(java.lang.String, java.lang.String, java.lang.String, java.lang.String, java.lang.String)[pri:0, instance:com.qa.demoCart.tests.RegistationTestDataProvider@59a79443]" started-at="2022-04-11T03:18:56Z" name="doEnterAllinfo" data-provider="getRegisterData" finished-at="2022-04-11T03:19:04Z" duration-ms="8546" status="PASS">
          <params>
            <param index="0">
              <value>
                <![CDATA[Anu]]>
              </value>
            </param>
            <param index="1">
              <value>
                <![CDATA[JOHN12]]>
              </value>
            </param>
            <param index="2">
              <value>
                <![CDATA[1234567345]]>
              </value>
            </param>
            <param index="3">
              <value>
                <![CDATA[Test@123]]>
              </value>
            </param>
            <param index="4">
              <value>
                <![CDATA[No]]>
              </value>
            </param>
          </params>
          <reporter-output>
          </reporter-output>
        </test-method> <!-- doEnterAllinfo -->
        <test-method signature="verifyRegistattionPageUrl()[pri:1, instance:com.qa.demoCart.tests.RegistationTestDataProvider@59a79443]" started-at="2022-04-11T03:19:04Z" name="verifyRegistattionPageUrl" finished-at="2022-04-11T03:19:04Z" duration-ms="152" status="PASS">
          <reporter-output>
          </reporter-output>
        </test-method> <!-- verifyRegistattionPageUrl -->
      </class> <!-- com.qa.demoCart.tests.RegistationTestDataProvider -->
    </test> <!-- Test3 -->
  </suite> <!-- SanitySuite -->
</testng-results>
