<?xml version="1.0" encoding="UTF-8"?>
<!-- Generated by org.testng.reporters.JUnitXMLReporter -->
<testsuite ignored="0" hostname="D101008S1L" failures="0" tests="4" name="Test3" time="56.142" errors="0" timestamp="11 Apr 2022 03:19:04 GMT">
  <testcase classname="com.qa.demoCart.tests.RegistationTestDataProvider" name="doEnterAllinfo" time="10.321"/>
  <testcase classname="com.qa.demoCart.tests.RegistationTestDataProvider" name="doEnterAllinfo" time="8.424"/>
  <testcase classname="com.qa.demoCart.tests.RegistationTestDataProvider" name="doEnterAllinfo" time="8.546"/>
  <testcase classname="com.qa.demoCart.tests.RegistationTestDataProvider" name="verifyRegistattionPageUrl" time="0.152"/>
</testsuite> <!-- Test3 -->
