<?xml version="1.0" encoding="UTF-8"?>
<!-- Generated by org.testng.reporters.JUnitXMLReporter -->
<testsuite ignored="0" hostname="D101008S1L" failures="4" tests="8" name="Test2" time="41.454" errors="0" timestamp="10 Apr 2022 16:32:22 GMT">
  <testcase classname="com.qa.demoCart.tests.AccountPageTest" name="AccountTitlePage" time="0.284"/>
  <testcase classname="com.qa.demoCart.tests.AccountPageTest" name="verfiyHeadersCount" time="0.238"/>
  <testcase classname="com.qa.demoCart.tests.AccountPageTest" name="displayheadersText" time="0.442"/>
  <testcase classname="com.qa.demoCart.tests.AccountPageTest" name="footerSize" time="0.875"/>
  <testcase classname="com.qa.demoCart.tests.AccountPageTest" name="validateSearchBox" time="0.186">
    <failure type="java.lang.IllegalArgumentException" message="Keys to send should be a not null CharSequence">
      <![CDATA[java.lang.IllegalArgumentException: Keys to send should be a not null CharSequence
at org.openqa.selenium.remote.RemoteWebElement.sendKeys(RemoteWebElement.java:92)
at com.qa.democart.pages.AccountPage.enterTxtInSearchField(AccountPage.java:87)
at com.qa.demoCart.tests.AccountPageTest.validateSearchBox(AccountPageTest.java:69)
at java.base/java.util.concurrent.FutureTask.run(FutureTask.java:264)
at java.base/java.util.concurrent.ThreadPoolExecutor.runWorker(ThreadPoolExecutor.java:1136)
at java.base/java.util.concurrent.ThreadPoolExecutor$Worker.run(ThreadPoolExecutor.java:635)
at java.base/java.lang.Thread.run(Thread.java:833)
... Removed 16 stack frames]]>
    </failure>
  </testcase> <!-- validateSearchBox -->
  <testcase classname="com.qa.demoCart.tests.AccountPageTest" name="listOfProducts" time="0.009">
    <failure type="java.lang.NullPointerException" message="Cannot invoke &amp;quot;com.qa.democart.pages.SearchResultsPage.SizelistOfElements()&amp;quot; because &amp;quot;this.searchPage&amp;quot; is null">
      <![CDATA[java.lang.NullPointerException: Cannot invoke "com.qa.democart.pages.SearchResultsPage.SizelistOfElements()" because "this.searchPage" is null
at com.qa.demoCart.tests.AccountPageTest.listOfProducts(AccountPageTest.java:79)
at java.base/java.util.concurrent.FutureTask.run(FutureTask.java:264)
at java.base/java.util.concurrent.ThreadPoolExecutor.runWorker(ThreadPoolExecutor.java:1136)
at java.base/java.util.concurrent.ThreadPoolExecutor$Worker.run(ThreadPoolExecutor.java:635)
at java.base/java.lang.Thread.run(Thread.java:833)
... Removed 16 stack frames]]>
    </failure>
  </testcase> <!-- listOfProducts -->
  <testcase classname="com.qa.demoCart.tests.AccountPageTest" name="getProducts" time="0.004">
    <failure type="java.lang.NullPointerException" message="Cannot invoke &amp;quot;com.qa.democart.pages.SearchResultsPage.getListOfEle()&amp;quot; because &amp;quot;this.searchPage&amp;quot; is null">
      <![CDATA[java.lang.NullPointerException: Cannot invoke "com.qa.democart.pages.SearchResultsPage.getListOfEle()" because "this.searchPage" is null
at com.qa.demoCart.tests.AccountPageTest.getProducts(AccountPageTest.java:88)
at java.base/java.util.concurrent.FutureTask.run(FutureTask.java:264)
at java.base/java.util.concurrent.ThreadPoolExecutor.runWorker(ThreadPoolExecutor.java:1136)
at java.base/java.util.concurrent.ThreadPoolExecutor$Worker.run(ThreadPoolExecutor.java:635)
at java.base/java.lang.Thread.run(Thread.java:833)
... Removed 16 stack frames]]>
    </failure>
  </testcase> <!-- getProducts -->
  <testcase classname="com.qa.demoCart.tests.AccountPageTest" name="selectListOfProduct" time="0.005">
    <failure type="java.lang.NullPointerException" message="Cannot invoke &amp;quot;com.qa.democart.pages.SearchResultsPage.doClickSelectedProduct(String)&amp;quot; because &amp;quot;this.searchPage&amp;quot; is null">
      <![CDATA[java.lang.NullPointerException: Cannot invoke "com.qa.democart.pages.SearchResultsPage.doClickSelectedProduct(String)" because "this.searchPage" is null
at com.qa.demoCart.tests.AccountPageTest.selectListOfProduct(AccountPageTest.java:96)
at java.base/java.util.concurrent.FutureTask.run(FutureTask.java:264)
at java.base/java.util.concurrent.ThreadPoolExecutor.runWorker(ThreadPoolExecutor.java:1136)
at java.base/java.util.concurrent.ThreadPoolExecutor$Worker.run(ThreadPoolExecutor.java:635)
at java.base/java.lang.Thread.run(Thread.java:833)
... Removed 16 stack frames]]>
    </failure>
  </testcase> <!-- selectListOfProduct -->
</testsuite> <!-- Test2 -->
